<?xml version="1.0" encoding="UTF-8"?>
<testsuite xmlns:xsi="http://www.w3.org/2001/XMLSchema-instance" xsi:noNamespaceSchemaLocation="https://maven.apache.org/surefire/maven-surefire-plugin/xsd/surefire-test-report-3.0.xsd" version="3.0" name="org.example.CrawlerTest" time="1.06" tests="3" errors="0" skipped="0" failures="0">
  <properties>
[...]
</properties>
  <testcase name="parsePageToFindLibs(InputStream, List)[1]" classname="org.example.CrawlerTest" time="0.967"/>
  <testcase name="parsePageToFindLibs(InputStream, List)[2]" classname="org.example.CrawlerTest" time="0.007"/>
  <testcase name="parsePageToFindLibs(InputStream, List)[3]" classname="org.example.CrawlerTest" time="0.025"/>
</testsuite>